<?xml version="1.0" encoding="UTF-8"?>
<!-- Generated by org.testng.reporters.JUnitXMLReporter -->
<testsuite ignored="0" hostname="manik" failures="2" tests="2" name="Test" time="51.964" errors="0" timestamp="16 Mar 2020 18:26:09 GMT">
  <testcase classname="testpackage.MainPageTest" name="verifymobilenumber" time="0.608">
    <failure type="java.lang.NullPointerException">
      <![CDATA[java.lang.NullPointerException
	at org.openqa.selenium.support.pagefactory.DefaultElementLocator.findElement(DefaultElementLocator.java:69)
	at org.openqa.selenium.support.pagefactory.internal.LocatingElementHandler.invoke(LocatingElementHandler.java:38)
	at com.sun.proxy.$Proxy9.getText(Unknown Source)
	at PagesPackage.Mainpage.verifymobilephn(Mainpage.java:36)
	at testpackage.MainPageTest.verifymobilenumber(MainPageTest.java:36)
... Removed 25 stack frames]]>
    </failure>
  </testcase> <!-- verifymobilenumber -->
  <testcase classname="testpackage.MainPageTest" name="validatesearchbox" time="0.002">
    <failure type="java.lang.NullPointerException">
      <![CDATA[java.lang.NullPointerException
	at org.openqa.selenium.support.pagefactory.DefaultElementLocator.findElement(DefaultElementLocator.java:69)
	at org.openqa.selenium.support.pagefactory.internal.LocatingElementHandler.invoke(LocatingElementHandler.java:38)
	at com.sun.proxy.$Proxy9.sendKeys(Unknown Source)
	at PagesPackage.Mainpage.searchbox(Mainpage.java:42)
	at testpackage.MainPageTest.validatesearchbox(MainPageTest.java:44)
... Removed 25 stack frames]]>
    </failure>
  </testcase> <!-- validatesearchbox -->
</testsuite> <!-- Test -->
