<?xml version="1.0" encoding="UTF-8"?>
<testng-results ignored="0" total="2" passed="2" failed="0" skipped="0">
  <reporter-output>
  </reporter-output>
  <suite started-at="2020-03-22T03:58:19Z" name="Default suite" finished-at="2020-03-22T03:59:06Z" duration-ms="47324">
    <groups>
    </groups>
    <test started-at="2020-03-22T03:58:19Z" name="Default test" finished-at="2020-03-22T03:59:06Z" duration-ms="47324">
      <class name="testpackage.MainPageTest">
        <test-method is-config="true" signature="setup()[pri:0, instance:testpackage.MainPageTest@45ca843]" started-at="2020-03-22T03:58:19Z" name="setup" finished-at="2020-03-22T03:58:43Z" duration-ms="24202" status="PASS">
          <reporter-output>
          </reporter-output>
        </test-method> <!-- setup -->
        <test-method signature="verifymobilenumber()[pri:1, instance:testpackage.MainPageTest@45ca843]" started-at="2020-03-22T03:58:43Z" name="verifymobilenumber" finished-at="2020-03-22T03:58:44Z" duration-ms="1225" status="PASS">
          <reporter-output>
          </reporter-output>
        </test-method> <!-- verifymobilenumber -->
        <test-method is-config="true" signature="teardown()[pri:0, instance:testpackage.MainPageTest@45ca843]" started-at="2020-03-22T03:58:44Z" name="teardown" finished-at="2020-03-22T03:58:45Z" duration-ms="804" status="PASS">
          <reporter-output>
          </reporter-output>
        </test-method> <!-- teardown -->
        <test-method is-config="true" signature="setup()[pri:0, instance:testpackage.MainPageTest@45ca843]" started-at="2020-03-22T03:58:45Z" name="setup" finished-at="2020-03-22T03:59:03Z" duration-ms="18006" status="PASS">
          <reporter-output>
          </reporter-output>
        </test-method> <!-- setup -->
        <test-method signature="validatesearchbox()[pri:2, instance:testpackage.MainPageTest@45ca843]" started-at="2020-03-22T03:59:03Z" name="validatesearchbox" finished-at="2020-03-22T03:59:06Z" duration-ms="2768" status="PASS">
          <reporter-output>
          </reporter-output>
        </test-method> <!-- validatesearchbox -->
        <test-method is-config="true" signature="teardown()[pri:0, instance:testpackage.MainPageTest@45ca843]" started-at="2020-03-22T03:59:06Z" name="teardown" finished-at="2020-03-22T03:59:06Z" duration-ms="276" status="PASS">
          <reporter-output>
          </reporter-output>
        </test-method> <!-- teardown -->
      </class> <!-- testpackage.MainPageTest -->
    </test> <!-- Default test -->
  </suite> <!-- Default suite -->
</testng-results>
